[2020-12-13 20:34:34] app.INFO: Protect vendor folder in module contactform [] []
[2020-12-13 20:34:34] app.INFO: Module contactform has no vendor folder [] []
[2020-12-13 20:34:36] app.INFO: Protect vendor folder in module dashactivity [] []
[2020-12-13 20:34:36] app.INFO: Module dashactivity has no vendor folder [] []
[2020-12-13 20:34:39] app.INFO: Protect vendor folder in module dashgoals [] []
[2020-12-13 20:34:39] app.INFO: Module dashgoals has no vendor folder [] []
[2020-12-13 20:34:41] app.INFO: Protect vendor folder in module dashproducts [] []
[2020-12-13 20:34:41] app.INFO: Module dashproducts has no vendor folder [] []
[2020-12-13 20:34:42] app.INFO: Protect vendor folder in module dashtrends [] []
[2020-12-13 20:34:42] app.INFO: Module dashtrends has no vendor folder [] []
[2020-12-13 20:34:42] app.INFO: Protect vendor folder in module graphnvd3 [] []
[2020-12-13 20:34:43] app.INFO: Module graphnvd3 has no vendor folder [] []
[2020-12-13 20:34:43] app.INFO: Protect vendor folder in module gridhtml [] []
[2020-12-13 20:34:43] app.INFO: Module gridhtml has no vendor folder [] []
[2020-12-13 20:34:45] app.INFO: Protect vendor folder in module gsitemap [] []
[2020-12-13 20:34:45] app.INFO: Module gsitemap has no vendor folder [] []
[2020-12-13 20:34:47] app.INFO: Protect vendor folder in module pagesnotfound [] []
[2020-12-13 20:34:47] app.INFO: Module pagesnotfound has no vendor folder [] []
[2020-12-13 20:34:53] app.INFO: Protect vendor folder in module productcomments [] []
[2020-12-13 20:34:53] app.INFO: Module productcomments has no vendor folder [] []
[2020-12-13 20:34:54] app.INFO: Protect vendor folder in module ps_banner [] []
[2020-12-13 20:34:54] app.INFO: Module ps_banner has no vendor folder [] []
[2020-12-13 20:34:55] app.INFO: Protect vendor folder in module ps_categorytree [] []
[2020-12-13 20:34:55] app.INFO: Module ps_categorytree has no vendor folder [] []
[2020-12-13 20:34:57] app.INFO: Protect vendor folder in module ps_checkpayment [] []
[2020-12-13 20:34:57] app.INFO: Module ps_checkpayment has no vendor folder [] []
[2020-12-13 20:34:58] app.INFO: Protect vendor folder in module ps_contactinfo [] []
[2020-12-13 20:34:58] app.INFO: Module ps_contactinfo has no vendor folder [] []
[2020-12-13 20:35:00] app.INFO: Protect vendor folder in module ps_crossselling [] []
[2020-12-13 20:35:00] app.INFO: Module ps_crossselling has no vendor folder [] []
[2020-12-13 20:35:01] app.INFO: Protect vendor folder in module ps_currencyselector [] []
[2020-12-13 20:35:01] app.INFO: Module ps_currencyselector has no vendor folder [] []
[2020-12-13 20:35:02] app.INFO: Protect vendor folder in module ps_customeraccountlinks [] []
[2020-12-13 20:35:02] app.INFO: Module ps_customeraccountlinks has no vendor folder [] []
[2020-12-13 20:35:03] app.INFO: Protect vendor folder in module ps_customersignin [] []
[2020-12-13 20:35:03] app.INFO: Module ps_customersignin has no vendor folder [] []
[2020-12-13 20:35:05] app.INFO: Protect vendor folder in module ps_customtext [] []
[2020-12-13 20:35:05] app.INFO: Module ps_customtext has no vendor folder [] []
[2020-12-13 20:35:05] app.INFO: Protect vendor folder in module ps_dataprivacy [] []
[2020-12-13 20:35:05] app.INFO: Module ps_dataprivacy has no vendor folder [] []
[2020-12-13 20:35:08] app.INFO: Protect vendor folder in module ps_emailsubscription [] []
[2020-12-13 20:35:08] app.INFO: Module ps_emailsubscription has no vendor folder [] []
[2020-12-13 20:35:20] app.INFO: Protect vendor folder in module ps_facetedsearch [] []
[2020-12-13 20:35:20] app.INFO: Module ps_facetedsearch has no vendor folder [] []
[2020-12-13 20:35:23] app.INFO: Protect vendor folder in module ps_faviconnotificationbo [] []
[2020-12-13 20:35:23] app.INFO: Module ps_faviconnotificationbo has no vendor folder [] []
[2020-12-13 20:35:25] app.INFO: Protect vendor folder in module ps_featuredproducts [] []
[2020-12-13 20:35:25] app.INFO: Module ps_featuredproducts has no vendor folder [] []
[2020-12-13 20:35:28] app.INFO: Protect vendor folder in module ps_imageslider [] []
[2020-12-13 20:35:28] app.INFO: Module ps_imageslider has no vendor folder [] []
[2020-12-13 20:35:29] app.INFO: Protect vendor folder in module ps_languageselector [] []
[2020-12-13 20:35:29] app.INFO: Module ps_languageselector has no vendor folder [] []
[2020-12-13 20:35:32] app.INFO: Protect vendor folder in module ps_linklist [] []
[2020-12-13 20:35:32] app.INFO: Module ps_linklist has no vendor folder [] []
[2020-12-13 20:35:32] app.ERROR: Cannot register tab "AdminLinkWidget" because it already exists [] []
[2020-12-13 20:35:36] app.INFO: Protect vendor folder in module ps_mainmenu [] []
[2020-12-13 20:35:36] app.INFO: Module ps_mainmenu has no vendor folder [] []
[2020-12-13 20:35:37] app.INFO: Protect vendor folder in module ps_searchbar [] []
[2020-12-13 20:35:37] app.INFO: Module ps_searchbar has no vendor folder [] []
[2020-12-13 20:35:38] app.INFO: Protect vendor folder in module ps_sharebuttons [] []
[2020-12-13 20:35:39] app.INFO: Module ps_sharebuttons has no vendor folder [] []
[2020-12-13 20:35:40] app.INFO: Protect vendor folder in module ps_shoppingcart [] []
[2020-12-13 20:35:40] app.INFO: Module ps_shoppingcart has no vendor folder [] []
[2020-12-13 20:35:41] app.INFO: Protect vendor folder in module ps_socialfollow [] []
[2020-12-13 20:35:41] app.INFO: Module ps_socialfollow has no vendor folder [] []
[2020-12-13 20:35:44] app.INFO: Protect vendor folder in module ps_themecusto [] []
[2020-12-13 20:35:44] app.INFO: Module ps_themecusto has no vendor folder [] []
[2020-12-13 20:35:46] app.INFO: Protect vendor folder in module ps_wirepayment [] []
[2020-12-13 20:35:46] app.INFO: Module ps_wirepayment has no vendor folder [] []
[2020-12-13 20:35:47] app.INFO: Protect vendor folder in module sekeywords [] []
[2020-12-13 20:35:47] app.INFO: Module sekeywords has no vendor folder [] []
[2020-12-13 20:35:48] app.INFO: Protect vendor folder in module statsbestcategories [] []
[2020-12-13 20:35:48] app.INFO: Module statsbestcategories has no vendor folder [] []
[2020-12-13 20:35:48] app.INFO: Protect vendor folder in module statsbestcustomers [] []
[2020-12-13 20:35:48] app.INFO: Module statsbestcustomers has no vendor folder [] []
[2020-12-13 20:35:49] app.INFO: Protect vendor folder in module statsbestproducts [] []
[2020-12-13 20:35:49] app.INFO: Module statsbestproducts has no vendor folder [] []
[2020-12-13 20:35:50] app.INFO: Protect vendor folder in module statsbestsuppliers [] []
[2020-12-13 20:35:50] app.INFO: Module statsbestsuppliers has no vendor folder [] []
[2020-12-13 20:35:51] app.INFO: Protect vendor folder in module statsbestvouchers [] []
[2020-12-13 20:35:51] app.INFO: Module statsbestvouchers has no vendor folder [] []
[2020-12-13 20:35:52] app.INFO: Protect vendor folder in module statscarrier [] []
[2020-12-13 20:35:52] app.INFO: Module statscarrier has no vendor folder [] []
[2020-12-13 20:35:52] app.INFO: Protect vendor folder in module statscatalog [] []
[2020-12-13 20:35:52] app.INFO: Module statscatalog has no vendor folder [] []
[2020-12-13 20:35:53] app.INFO: Protect vendor folder in module statscheckup [] []
[2020-12-13 20:35:53] app.INFO: Module statscheckup has no vendor folder [] []
[2020-12-13 20:35:54] app.INFO: Protect vendor folder in module statsdata [] []
[2020-12-13 20:35:54] app.INFO: Module statsdata has no vendor folder [] []
[2020-12-13 20:35:55] app.INFO: Protect vendor folder in module statsequipment [] []
[2020-12-13 20:35:55] app.INFO: Module statsequipment has no vendor folder [] []
[2020-12-13 20:35:56] app.INFO: Protect vendor folder in module statsforecast [] []
[2020-12-13 20:35:56] app.INFO: Module statsforecast has no vendor folder [] []
[2020-12-13 20:35:56] app.INFO: Protect vendor folder in module statslive [] []
[2020-12-13 20:35:56] app.INFO: Module statslive has no vendor folder [] []
[2020-12-13 20:35:57] app.INFO: Protect vendor folder in module statsnewsletter [] []
[2020-12-13 20:35:57] app.INFO: Module statsnewsletter has no vendor folder [] []
[2020-12-13 20:35:58] app.INFO: Protect vendor folder in module statsorigin [] []
[2020-12-13 20:35:58] app.INFO: Module statsorigin has no vendor folder [] []
[2020-12-13 20:35:59] app.INFO: Protect vendor folder in module statspersonalinfos [] []
[2020-12-13 20:35:59] app.INFO: Module statspersonalinfos has no vendor folder [] []
[2020-12-13 20:35:59] app.INFO: Protect vendor folder in module statsproduct [] []
[2020-12-13 20:35:59] app.INFO: Module statsproduct has no vendor folder [] []
[2020-12-13 20:36:00] app.INFO: Protect vendor folder in module statsregistrations [] []
[2020-12-13 20:36:00] app.INFO: Module statsregistrations has no vendor folder [] []
[2020-12-13 20:36:01] app.INFO: Protect vendor folder in module statssales [] []
[2020-12-13 20:36:01] app.INFO: Module statssales has no vendor folder [] []
[2020-12-13 20:36:02] app.INFO: Protect vendor folder in module statssearch [] []
[2020-12-13 20:36:02] app.INFO: Module statssearch has no vendor folder [] []
[2020-12-13 20:36:03] app.INFO: Protect vendor folder in module statsstock [] []
[2020-12-13 20:36:03] app.INFO: Module statsstock has no vendor folder [] []
[2020-12-13 20:36:04] app.INFO: Protect vendor folder in module statsvisits [] []
[2020-12-13 20:36:04] app.INFO: Module statsvisits has no vendor folder [] []
[2020-12-13 20:36:05] app.INFO: Protect vendor folder in module welcome [] []
[2020-12-13 20:36:06] app.INFO: Module welcome has no vendor folder [] []
[2020-12-13 20:36:22] app.INFO: Exporting mail with theme modern for language Español (Spanish) [] []
[2020-12-13 20:36:22] app.INFO: Core output folder: C:\xampp\htdocs\microGranjasEshop/mails [] []
[2020-12-13 20:36:22] app.INFO: Modules output folder: C:\xampp\htdocs\microGranjasEshop/modules/ [] []
[2021-01-07 17:35:40] request.INFO: Matched route "admin_product_form". {"route":"admin_product_form","route_parameters":{"_controller":"PrestaShopBundle\\Controller\\Admin\\ProductController::formAction","_legacy_controller":"AdminProducts","_legacy_param_mapper_class":"PrestaShop\\PrestaShop\\Adapter\\Product\\AdminProductDataProvider","_legacy_param_mapper_method":"mapLegacyParametersProductForm","id":"40","_route":"admin_product_form"},"request_uri":"http://localhost/microGranjasEshop/admin861ot6msy/index.php/sell/catalog/products/40?_token=pkuuQlwZxMy9tzpOShXU1V2q-XD4Dc546M8ncHi-Idg","method":"GET"} []
[2021-01-07 17:35:40] security.DEBUG: Read existing security token from the session. {"key":"_security_main","token_class":"Symfony\\Component\\Security\\Core\\Authentication\\Token\\UsernamePasswordToken"} []
[2021-01-07 17:35:40] security.DEBUG: User was reloaded from a user provider. {"provider":"PrestaShopBundle\\Security\\Admin\\EmployeeProvider","username":"miqpanbas@alum.us.es"} []
[2021-01-07 17:35:44] app.ERROR: Data from PrestaShop Addons is invalid, and cannot fallback on cache.  {"exception":"Unable to parse request"} []
[2021-01-07 17:35:45] security.DEBUG: Stored the security token in the session. {"key":"_security_main"} []
[2021-01-07 17:35:56] request.INFO: Matched route "admin_module_manage". {"route":"admin_module_manage","route_parameters":{"category":null,"keyword":null,"_controller":"PrestaShopBundle\\Controller\\Admin\\Improve\\ModuleController::manageAction","_legacy_controller":"AdminModulesManage","_legacy_link":["AdminModulesManage","AdminModulesSf"],"_route":"admin_module_manage"},"request_uri":"http://localhost/microGranjasEshop/admin861ot6msy/index.php/improve/modules/manage?_token=pkuuQlwZxMy9tzpOShXU1V2q-XD4Dc546M8ncHi-Idg","method":"GET"} []
[2021-01-07 17:35:57] security.DEBUG: Read existing security token from the session. {"key":"_security_main","token_class":"Symfony\\Component\\Security\\Core\\Authentication\\Token\\UsernamePasswordToken"} []
[2021-01-07 17:35:57] security.DEBUG: User was reloaded from a user provider. {"provider":"PrestaShopBundle\\Security\\Admin\\EmployeeProvider","username":"miqpanbas@alum.us.es"} []
[2021-01-07 17:35:57] app.ERROR: Data from PrestaShop Addons is invalid, and cannot fallback on cache.  {"exception":"Unable to parse request"} []
[2021-01-07 17:36:02] security.DEBUG: Stored the security token in the session. {"key":"_security_main"} []
[2021-01-07 17:36:04] request.INFO: Matched route "admin_module_notification_count". {"route":"admin_module_notification_count","route_parameters":{"_controller":"PrestaShopBundle\\Controller\\Admin\\Improve\\Modules\\AlertsController::notificationsCountAction","_legacy_controller":"AdminModulesNotifications","_legacy_link":"AdminModulesNotifications:count","_route":"admin_module_notification_count"},"request_uri":"http://localhost/microGranjasEshop/admin861ot6msy/index.php/improve/modules/alerts/count?_token=pkuuQlwZxMy9tzpOShXU1V2q-XD4Dc546M8ncHi-Idg","method":"GET"} []
[2021-01-07 17:36:04] security.DEBUG: Read existing security token from the session. {"key":"_security_main","token_class":"Symfony\\Component\\Security\\Core\\Authentication\\Token\\UsernamePasswordToken"} []
[2021-01-07 17:36:04] security.DEBUG: User was reloaded from a user provider. {"provider":"PrestaShopBundle\\Security\\Admin\\EmployeeProvider","username":"miqpanbas@alum.us.es"} []
[2021-01-07 17:36:05] app.ERROR: Data from PrestaShop Addons is invalid, and cannot fallback on cache.  {"exception":"Unable to parse request"} []
[2021-01-07 17:36:05] security.DEBUG: Stored the security token in the session. {"key":"_security_main"} []
[2021-01-07 17:36:07] request.INFO: Matched route "admin_module_manage_action". {"route":"admin_module_manage_action","route_parameters":{"_controller":"PrestaShopBundle\\Controller\\Admin\\Improve\\ModuleController::moduleAction","action":"disable","module_name":"colorchange","_route":"admin_module_manage_action"},"request_uri":"http://localhost/microGranjasEshop/admin861ot6msy/index.php/improve/modules/manage/action/disable/colorchange?_token=pkuuQlwZxMy9tzpOShXU1V2q-XD4Dc546M8ncHi-Idg","method":"POST"} []
[2021-01-07 17:36:07] security.DEBUG: Read existing security token from the session. {"key":"_security_main","token_class":"Symfony\\Component\\Security\\Core\\Authentication\\Token\\UsernamePasswordToken"} []
[2021-01-07 17:36:07] security.DEBUG: User was reloaded from a user provider. {"provider":"PrestaShopBundle\\Security\\Admin\\EmployeeProvider","username":"miqpanbas@alum.us.es"} []
[2021-01-07 17:36:08] app.ERROR: Data from PrestaShop Addons is invalid, and cannot fallback on cache.  {"exception":"Unable to parse request"} []
[2021-01-07 17:36:08] security.DEBUG: Stored the security token in the session. {"key":"_security_main"} []
